TN:
SF:01-requestcount.js
FN:8,countRequests
FNF:1
FNH:1
FNDA:12,countRequests
DA:1,1
DA:2,1
DA:3,1
DA:4,1
DA:5,1
DA:6,1
DA:7,1
DA:8,12
DA:9,12
DA:10,12
DA:11,12
DA:12,1
DA:13,1
DA:14,1
DA:15,1
DA:16,1
DA:17,1
DA:18,1
DA:19,1
DA:20,10
DA:21,1
DA:22,1
DA:23,1
DA:24,0
DA:25,1
DA:26,1
DA:27,1
DA:28,2
DA:29,1
DA:30,1
DA:31,1
LF:31
LH:30
BRDA:8,0,0,12
BRDA:19,1,0,10
BRDA:27,2,0,2
BRF:3
BRH:3
end_of_record
TN:
SF:02-ratelimitter.js
FN:20,limitFunction
FNF:1
FNH:1
FNDA:13,limitFunction
DA:1,1
DA:2,1
DA:3,1
DA:4,1
DA:5,1
DA:6,1
DA:7,1
DA:8,1
DA:9,1
DA:10,1
DA:11,1
DA:12,1
DA:13,1
DA:14,1
DA:15,1
DA:16,1
DA:17,2
DA:18,1
DA:19,1
DA:20,1
DA:21,13
DA:22,13
DA:23,2
DA:24,13
DA:25,11
DA:26,11
DA:27,13
DA:28,7
DA:29,13
DA:30,6
DA:31,6
DA:32,13
DA:33,1
DA:34,1
DA:35,1
DA:36,1
DA:37,6
DA:38,1
DA:39,1
DA:40,1
DA:41,0
DA:42,1
DA:43,1
DA:44,1
LF:44
LH:43
BRDA:16,0,0,2
BRDA:20,1,0,13
BRDA:22,2,0,2
BRDA:24,3,0,11
BRDA:27,4,0,7
BRDA:29,5,0,6
BRDA:36,6,0,6
BRF:7
BRH:7
end_of_record
TN:
SF:03-errorcount.js
FNF:0
FNH:0
DA:1,1
DA:2,1
DA:3,1
DA:4,1
DA:5,1
DA:6,1
DA:7,1
DA:8,1
DA:9,1
DA:10,1
DA:11,1
DA:12,1
DA:13,1
DA:14,11
DA:15,0
DA:16,1
DA:17,1
DA:18,1
DA:19,0
DA:20,1
DA:21,1
DA:22,1
DA:23,2
DA:24,1
DA:25,1
DA:26,1
DA:27,11
DA:28,11
DA:29,11
DA:30,11
DA:31,1
DA:32,1
DA:33,1
LF:33
LH:31
BRDA:13,0,0,11
BRDA:14,1,0,0
BRDA:22,2,0,2
BRDA:26,3,0,11
BRF:4
BRH:3
end_of_record
